#
# There is insufficient memory for the Java Runtime Environment to continue.
# Native memory allocation (mmap) failed to map 134217728 bytes for Failed to commit area from 0x00000000c0000000 to 0x00000000c8000000 of length 134217728.
# Possible reasons:
#   The system is out of physical RAM or swap space
#   The process is running with CompressedOops enabled, and the Java Heap may be blocking the growth of the native heap
# Possible solutions:
#   Reduce memory load on the system
#   Increase physical memory or swap space
#   Check if swap backing store is full
#   Decrease Java heap size (-Xmx/-Xms)
#   Decrease number of Java threads
#   Decrease Java thread stack sizes (-Xss)
#   Set larger code cache with -XX:ReservedCodeCacheSize=
# This output file may be truncated or incomplete.
#
#  Out of Memory Error (t:/workspace/open/src/hotspot/os/windows/os_windows.cpp:3221), pid=13856, tid=17628
#
# JRE version:  (10.0.2+13) (build )
# Java VM: Java HotSpot(TM) 64-Bit Server VM (10.0.2+13, mixed mode, aot, tiered, compressed oops, g1 gc, windows-amd64)
# No core dump will be written. Minidumps are not enabled by default on client versions of Windows
#

---------------  S U M M A R Y ------------

Command Line: --add-modules=ALL-SYSTEM --add-opens=java.base/java.util=ALL-UNNAMED --add-opens=java.base/java.lang=ALL-UNNAMED -Declipse.application=org.eclipse.jdt.ls.core.id1 -Dosgi.bundles.defaultStartLevel=4 -Declipse.product=org.eclipse.jdt.ls.core.product -Dfile.encoding=utf8 -DwatchParentProcess=false -Xverify:none -Xmx1G -XX:+UseG1GC -XX:+UseStringDeduplication C:\Users\nazif\.vscode\extensions\redhat.java-0.48.0\server\plugins\org.eclipse.equinox.launcher_1.5.500.v20190715-1310.jar -configuration C:\Users\nazif\.vscode\extensions\redhat.java-0.48.0\server\config_win -data c:\Users\nazif\AppData\Roaming\Code\User\workspaceStorage\a81f555808b604b603bece74d086d24e\redhat.java\jdt_ws

Host: Intel(R) Core(TM) i7-5500U CPU @ 2.40GHz, 4 cores, 7G,  Windows 8.1 , 64 bit Build 9600 (6.3.9600.17415)
Time: Fri Sep 13 12:09:54 2019 Malay Peninsula Standard Time elapsed time: 0 seconds (0d 0h 0m 0s)

---------------  T H R E A D  ---------------

Current thread (0x000000f767166800):  JavaThread "Unknown thread" [_thread_in_vm, id=17628, stack(0x000000f767060000,0x000000f767160000)]

Stack: [0x000000f767060000,0x000000f767160000]
Native frames: (J=compiled Java code, j=interpreted, Vv=VM code, C=native code)
V  [jvm.dll+0x5a01a9]
V  [jvm.dll+0x6bcf31]
V  [jvm.dll+0x6be126]
V  [jvm.dll+0x6be7b3]
V  [jvm.dll+0x234978]
V  [jvm.dll+0x59dac4]
V  [jvm.dll+0x592825]
V  [jvm.dll+0x2f632b]
V  [jvm.dll+0x2f6295]
V  [jvm.dll+0x2f6172]
V  [jvm.dll+0x2f8366]
V  [jvm.dll+0x344293]
V  [jvm.dll+0x3449a6]
V  [jvm.dll+0x344393]
V  [jvm.dll+0x2c4628]
V  [jvm.dll+0x2c5771]
V  [jvm.dll+0x69d1db]
V  [jvm.dll+0x69e9fc]
V  [jvm.dll+0x3519e9]
V  [jvm.dll+0x6856a2]
V  [jvm.dll+0x3ba0c3]
V  [jvm.dll+0x3bc261]
C  [java.exe+0x3531]
C  [java.exe+0xe1af]
C  [java.exe+0xe356]
C  [KERNEL32.DLL+0x13d2]
C  [ntdll.dll+0x154f4]


---------------  P R O C E S S  ---------------

Threads class SMR info:
_java_thread_list=0x000000f76585d870, length=0, elements={
}

Java Threads: ( => current thread )

Other Threads:
  0x000000f767179800 GCTaskThread "GC Thread#0" [stack: 0x000000f7726f0000,0x000000f7727f0000] [id=16184]
  0x000000f76717b000 GCTaskThread "GC Thread#1" [stack: 0x000000f7727f0000,0x000000f7728f0000] [id=18032]
  0x000000f76717e000 GCTaskThread "GC Thread#2" [stack: 0x000000f7728f0000,0x000000f7729f0000] [id=6116]
  0x000000f767181800 GCTaskThread "GC Thread#3" [stack: 0x000000f7729f0000,0x000000f772af0000] [id=16068]
  0x000000f7671c0800 ConcurrentGCThread "G1 Main Marker" [stack: 0x000000f775530000,0x000000f775630000] [id=18800]
  0x000000f7671c1000 ConcurrentGCThread "G1 Conc#0" [stack: 0x000000f775630000,0x000000f775730000] [id=628]

[error occurred during error reporting (printing all threads), id 0xe0000002]

VM state:not at safepoint (not fully initialized)

VM Mutex/Monitor currently owned by a thread:  ([mutex/lock_event])
[0x000000f767164960] Heap_lock - owner thread: 0x000000f767166800

Heap address: 0x00000000c0000000, size: 1024 MB, Compressed Oops mode: Non-zero based: 0x00000000c0000000
Narrow klass base: 0x0000000000000000, Narrow klass shift: 0

GC Heap History (0 events):
No events

Deoptimization events (0 events):
No events

Classes redefined (0 events):
No events

Internal exceptions (0 events):
No events

Events (0 events):
No events


Dynamic libraries:
0x00007ff7ed840000 - 0x00007ff7ed87e000 	C:\Program Files\Java\jdk-10.0.2\bin\java.exe
0x00007ff94e690000 - 0x00007ff94e83d000 	C:\Windows\SYSTEM32\ntdll.dll
0x00007ff94d7e0000 - 0x00007ff94d91e000 	C:\Windows\system32\KERNEL32.DLL
0x00007ff94bae0000 - 0x00007ff94bbf6000 	C:\Windows\system32\KERNELBASE.dll
0x00007ff94bf40000 - 0x00007ff94bfea000 	C:\Windows\system32\ADVAPI32.dll
0x00007ff94e500000 - 0x00007ff94e677000 	C:\Windows\system32\USER32.dll
0x00007ff949680000 - 0x00007ff9498fb000 	C:\Windows\WinSxS\amd64_microsoft.windows.common-controls_6595b64144ccf1df_6.0.9600.18006_none_623f33d3ecbe86e8\COMCTL32.dll
0x00007ff94a810000 - 0x00007ff94a81a000 	C:\Windows\SYSTEM32\VERSION.dll
0x00007ff94e2f0000 - 0x00007ff94e39a000 	C:\Windows\system32\msvcrt.dll
0x00007ff94e0f0000 - 0x00007ff94e149000 	C:\Windows\SYSTEM32\sechost.dll
0x00007ff94bd10000 - 0x00007ff94be50000 	C:\Windows\system32\RPCRT4.dll
0x00007ff94dfa0000 - 0x00007ff94e0eb000 	C:\Windows\system32\GDI32.dll
0x00007ff94b880000 - 0x00007ff94b8ae000 	C:\Windows\system32\SspiCli.dll
0x00007ff94bff0000 - 0x00007ff94c026000 	C:\Windows\system32\IMM32.DLL
0x00007ff94e3a0000 - 0x00007ff94e4f1000 	C:\Windows\system32\MSCTF.dll
0x00007ff934cb0000 - 0x00007ff934d9f000 	C:\Program Files\Java\jdk-10.0.2\bin\msvcr120.dll
0x00007ff93b180000 - 0x00007ff93b226000 	C:\Program Files\Java\jdk-10.0.2\bin\msvcp120.dll
0x0000000076250000 - 0x0000000076cc0000 	C:\Program Files\Java\jdk-10.0.2\bin\server\jvm.dll
0x00007ff930cf0000 - 0x00007ff930cf9000 	C:\Windows\SYSTEM32\WSOCK32.dll
0x00007ff948590000 - 0x00007ff9485b2000 	C:\Windows\SYSTEM32\WINMM.dll
0x00007ff94e680000 - 0x00007ff94e687000 	C:\Windows\system32\PSAPI.DLL
0x00007ff94d720000 - 0x00007ff94d77a000 	C:\Windows\system32\WS2_32.dll
0x00007ff948510000 - 0x00007ff94853a000 	C:\Windows\SYSTEM32\WINMMBASE.dll
0x00007ff94db60000 - 0x00007ff94db69000 	C:\Windows\system32\NSI.dll
0x00007ff94ba90000 - 0x00007ff94badf000 	C:\Windows\SYSTEM32\cfgmgr32.dll
0x00007ff94a5a0000 - 0x00007ff94a5c8000 	C:\Windows\SYSTEM32\DEVOBJ.dll
0x00007ff940420000 - 0x00007ff94042f000 	C:\Program Files\Java\jdk-10.0.2\bin\verify.dll
0x00007ff91dbb0000 - 0x00007ff91dd39000 	C:\Windows\SYSTEM32\DBGHELP.DLL
0x00007ff9403f0000 - 0x00007ff940417000 	C:\Program Files\Java\jdk-10.0.2\bin\java.dll
0x00007ff9403d0000 - 0x00007ff9403e6000 	C:\Program Files\Java\jdk-10.0.2\bin\zip.dll
0x00007ff943590000 - 0x00007ff94359a000 	C:\Program Files\Java\jdk-10.0.2\bin\jimage.dll

dbghelp: loaded successfully - version: 4.0.5 - missing functions: none
symbol engine: initialized successfully - sym options: 0x614 - pdb path: .;C:\Program Files\Java\jdk-10.0.2\bin;C:\Windows\SYSTEM32;C:\Windows\WinSxS\amd64_microsoft.windows.common-controls_6595b64144ccf1df_6.0.9600.18006_none_623f33d3ecbe86e8;C:\Program Files\Java\jdk-10.0.2\bin\server

VM Arguments:
jvm_args: --add-modules=ALL-SYSTEM --add-opens=java.base/java.util=ALL-UNNAMED --add-opens=java.base/java.lang=ALL-UNNAMED -Declipse.application=org.eclipse.jdt.ls.core.id1 -Dosgi.bundles.defaultStartLevel=4 -Declipse.product=org.eclipse.jdt.ls.core.product -Dfile.encoding=utf8 -DwatchParentProcess=false -Xverify:none -Xmx1G -XX:+UseG1GC -XX:+UseStringDeduplication 
java_command: C:\Users\nazif\.vscode\extensions\redhat.java-0.48.0\server\plugins\org.eclipse.equinox.launcher_1.5.500.v20190715-1310.jar -configuration C:\Users\nazif\.vscode\extensions\redhat.java-0.48.0\server\config_win -data c:\Users\nazif\AppData\Roaming\Code\User\workspaceStorage\a81f555808b604b603bece74d086d24e\redhat.java\jdt_ws
java_class_path (initial): C:\Users\nazif\.vscode\extensions\redhat.java-0.48.0\server\plugins\org.eclipse.equinox.launcher_1.5.500.v20190715-1310.jar
Launcher Type: SUN_STANDARD

Logging:
Log output configuration:
#0: stdout all=warning uptime,level,tags
#1: stderr all=off uptime,level,tags

Environment Variables:
JAVA_HOME=C:\Program Files\Java\jdk-10.0.2
PATH=C:\Program Files (x86)\Microsoft Solver Foundation\3.0.2.10889\Plugins;C:\Program Files (x86)\Common Files\Oracle\Java\javapath;C:\ProgramData\Oracle\Java\javapath;C:\Program Files\Broadcom\Broadcom 802.11;C:\Program Files (x86)\NVIDIA Corporation\PhysX\Common;C:\Program Files (x86)\Intel\iCLS Client\;C:\Program Files\Intel\iCLS Client\;C:\Windows\system32;C:\Windows;C:\Windows\System32\Wbem;C:\Windows\System32\WindowsPowerShell\v1.0\;C:\Program Files\Hewlett-Packard\SimplePass\;C:\Program Files\Intel\Intel(R) Management Engine Components\DAL;C:\Program Files (x86)\Intel\Intel(R) Management Engine Components\DAL;C:\Program Files\Intel\Intel(R) Management Engine Components\IPT;C:\Program Files (x86)\Intel\Intel(R) Management Engine Components\IPT;C:\Program Files\Microsoft SQL Server\Client SDK\ODBC\110\Tools\Binn\;C:\Program Files (x86)\Microsoft SQL Server\120\Tools\Binn\;C:\Program Files\Microsoft SQL Server\120\Tools\Binn\;C:\Program Files\Microsoft SQL Server\120\DTS\Binn\;C:\Program Files (x86)\Microsoft SQL Server\120\Tools\Binn\ManagementStudio\;C:\Program Files (x86)\Microsoft SQL Server\120\DTS\Binn\;C:\Program Files\TortoiseSVN\bin;C:\Program Files\Microsoft SQL Server\110\Tools\Binn\;C:\Microsoft SQL Server Migration Assistant for MySQL\bin\;C:\OpenSSL-Win64\bin\;C:\Program Files\Liquid Technologies\Liquid Studio 2017\XmlDataBinder15\Redist15\cpp\win32\bin;C:\Program Files\Liquid Technologies\Liquid Studio 2017\XmlDataBinder15\Redist15\cpp\win64\bin;C:\PostgreSQL\pg10\bin;C:\Program Files\dotnet\;C:\Program Files\Microsoft SQL Server\130\Tools\Binn\;C:\Program Files\Microsoft VS Code\bin;C:\Program Files\Git\cmd;C:\Program Files\PuTTY\;C:\Program Files\Microsoft SQL Server\Client SDK\ODBC\170\Tools\Binn\;C:\xampp\php;C:\Program Files\nodejs\;C:\Users\nazif\AppData\Local\Programs\Python\Python37-32\Scripts\;C:\Users\nazif\AppData\Local\Programs\Python\Python37-32\;C:\Users\nazif\.dotnet\tools;C:\Users\nazif\AppData\Roaming\npm;C:\Program Files\nodejs
USERNAME=nazif
OS=Windows_NT
PROCESSOR_IDENTIFIER=Intel64 Family 6 Model 61 Stepping 4, GenuineIntel



---------------  S Y S T E M  ---------------

OS: Windows 8.1 , 64 bit Build 9600 (6.3.9600.17415)

CPU:total 4 (initial active 4) (2 cores per cpu, 2 threads per core) family 6 model 61 stepping 4, cmov, cx8, fxsr, mmx, sse, sse2, sse3, ssse3, sse4.1, sse4.2, popcnt, avx, avx2, aes, clmul, erms, 3dnowpref, lzcnt, ht, tsc, tscinvbit, bmi1, bmi2, adx, fma

Memory: 4k page, physical 8309008k(1615220k free), swap 14453008k(366620k free)

vm_info: Java HotSpot(TM) 64-Bit Server VM (10.0.2+13) for windows-amd64 JRE (10.0.2+13), built on Jun 28 2018 01:57:56 by "mach5one" with MS VC++ 12.0 (VS2013)

END.
